<?xml version="1.0" encoding="UTF-8"?>
<testsuite xmlns:xsi="http://www.w3.org/2001/XMLSchema-instance" xsi:noNamespaceSchemaLocation="https://maven.apache.org/surefire/maven-surefire-plugin/xsd/surefire-test-report-3.0.xsd" version="3.0" name="co.com.formula1app.dao.CarreraDAOTest" time="5.913" tests="18" errors="0" skipped="0" failures="0">
  <properties>
[...]
</properties>
  <testcase name="testGuardarCarrera" classname="co.com.formula1app.dao.CarreraDAOTest" time="0.013">
    <system-out><![CDATA[23:28:23,439 |-INFO in ch.qos.logback.classic.LoggerContext[default] - This is logback-classic version 1.4.14
23:28:23,440 |-INFO in ch.qos.logback.classic.util.ContextInitializer@58496dc - No custom configurators were discovered as a service.
23:28:23,441 |-INFO in ch.qos.logback.classic.util.ContextInitializer@58496dc - Trying to configure with ch.qos.logback.classic.joran.SerializedModelConfigurator
23:28:23,443 |-INFO in ch.qos.logback.classic.util.ContextInitializer@58496dc - Constructed configurator of type class ch.qos.logback.classic.joran.SerializedModelConfigurator
23:28:23,447 |-INFO in ch.qos.logback.classic.LoggerContext[default] - Could NOT find resource [logback-test.scmo]
23:28:23,448 |-INFO in ch.qos.logback.classic.LoggerContext[default] - Could NOT find resource [logback.scmo]
23:28:23,454 |-INFO in ch.qos.logback.classic.util.ContextInitializer@58496dc - ch.qos.logback.classic.joran.SerializedModelConfigurator.configure() call lasted 5 milliseconds. ExecutionStatus=INVOKE_NEXT_IF_ANY
23:28:23,454 |-INFO in ch.qos.logback.classic.util.ContextInitializer@58496dc - Trying to configure with ch.qos.logback.classic.util.DefaultJoranConfigurator
23:28:23,455 |-INFO in ch.qos.logback.classic.util.ContextInitializer@58496dc - Constructed configurator of type class ch.qos.logback.classic.util.DefaultJoranConfigurator
23:28:23,456 |-INFO in ch.qos.logback.classic.LoggerContext[default] - Could NOT find resource [logback-test.xml]
23:28:23,461 |-INFO in ch.qos.logback.classic.LoggerContext[default] - Found resource [logback.xml] at [file:/C:/Users/yeiso/Documents/Formula1App/Formula1APP/target/test-classes/logback.xml]
23:28:23,463 |-WARN in ch.qos.logback.classic.util.DefaultJoranConfigurator@151db587 - Resource [logback.xml] occurs multiple times on the classpath.
23:28:23,463 |-WARN in ch.qos.logback.classic.util.DefaultJoranConfigurator@151db587 - Resource [logback.xml] occurs at [file:/C:/Users/yeiso/Documents/Formula1App/Formula1APP/target/classes/logback.xml]
23:28:23,463 |-WARN in ch.qos.logback.classic.util.DefaultJoranConfigurator@151db587 - Resource [logback.xml] occurs at [file:/C:/Users/yeiso/Documents/Formula1App/Formula1APP/target/test-classes/logback.xml]
23:28:23,651 |-INFO in ch.qos.logback.core.model.processor.AppenderModelHandler - Processing appender named [CONSOLE]
23:28:23,651 |-INFO in ch.qos.logback.core.model.processor.AppenderModelHandler - About to instantiate appender of type [ch.qos.logback.core.ConsoleAppender]
23:28:23,662 |-INFO in ch.qos.logback.core.model.processor.ImplicitModelHandler - Assuming default type [ch.qos.logback.classic.encoder.PatternLayoutEncoder] for [encoder] property
23:28:23,725 |-INFO in ch.qos.logback.classic.model.processor.LoggerModelHandler - Setting level of logger [co.com] to WARN
23:28:23,725 |-INFO in ch.qos.logback.classic.model.processor.RootLoggerModelHandler - Setting level of ROOT logger to ERROR
23:28:23,725 |-INFO in ch.qos.logback.core.model.processor.AppenderRefModelHandler - Attaching appender named [CONSOLE] to Logger[ROOT]
23:28:23,726 |-INFO in ch.qos.logback.core.model.processor.DefaultProcessor@238acd0b - End of configuration.
23:28:23,727 |-INFO in ch.qos.logback.classic.joran.JoranConfigurator@23811a09 - Registering current configuration as safe fallback point
23:28:23,727 |-INFO in ch.qos.logback.classic.util.ContextInitializer@58496dc - ch.qos.logback.classic.util.DefaultJoranConfigurator.configure() call lasted 272 milliseconds. ExecutionStatus=DO_NOT_INVOKE_NEXT_IF_ANY

]]></system-out>
  </testcase>
  <testcase name="testFindById" classname="co.com.formula1app.dao.CarreraDAOTest" time="0.054"/>
  <testcase name="testFindByTemporada" classname="co.com.formula1app.dao.CarreraDAOTest" time="0.026"/>
  <testcase name="testFindByNombreGp" classname="co.com.formula1app.dao.CarreraDAOTest" time="0.058"/>
  <testcase name="testActualizarCarrera" classname="co.com.formula1app.dao.CarreraDAOTest" time="0.052"/>
  <testcase name="testCount" classname="co.com.formula1app.dao.CarreraDAOTest" time="0.005"/>
  <testcase name="testEliminarCarrera" classname="co.com.formula1app.dao.CarreraDAOTest" time="0.021"/>
  <testcase name="testFindByIdInexistente" classname="co.com.formula1app.dao.CarreraDAOTest" time="0.004"/>
  <testcase name="testEliminarCarreraInexistente" classname="co.com.formula1app.dao.CarreraDAOTest" time="0.011">
    <system-out><![CDATA[23:28:29 WARN  co.com.dao.CarreraDAO - No se encontró carrera con ID: 999999
]]></system-out>
  </testcase>
  <testcase name="testGuardarCarreraConError" classname="co.com.formula1app.dao.CarreraDAOTest" time="0.003"/>
  <testcase name="testActualizarCarreraConError" classname="co.com.formula1app.dao.CarreraDAOTest" time="0.001"/>
  <testcase name="testDeleteConError" classname="co.com.formula1app.dao.CarreraDAOTest" time="0.001"/>
  <testcase name="testFindByNombreGpSinResultados" classname="co.com.formula1app.dao.CarreraDAOTest" time="0.006"/>
  <testcase name="testCountConError" classname="co.com.formula1app.dao.CarreraDAOTest" time="0.005"/>
  <testcase name="testFindAll" classname="co.com.formula1app.dao.CarreraDAOTest" time="0.173"/>
  <testcase name="testSaveConDatosInvalidos" classname="co.com.formula1app.dao.CarreraDAOTest" time="0.005">
    <system-out><![CDATA[23:28:29 ERROR co.com.dao.CarreraDAO - Error al guardar carrera: null
java.lang.RuntimeException: El nombre del Gran Premio es obligatorio
	at co.com.dao.CarreraDAO.save(CarreraDAO.java:140)
	at co.com.formula1app.dao.CarreraDAOTest.lambda$testSaveConDatosInvalidos$6(CarreraDAOTest.java:232)
	at org.junit.jupiter.api.AssertThrows.assertThrows(AssertThrows.java:53)
	at org.junit.jupiter.api.AssertThrows.assertThrows(AssertThrows.java:35)
	at org.junit.jupiter.api.Assertions.assertThrows(Assertions.java:3128)
	at co.com.formula1app.dao.CarreraDAOTest.testSaveConDatosInvalidos(CarreraDAOTest.java:232)
	at java.base/jdk.internal.reflect.DirectMethodHandleAccessor.invoke(DirectMethodHandleAccessor.java:103)
	at java.base/java.lang.reflect.Method.invoke(Method.java:580)
	at org.junit.platform.commons.util.ReflectionUtils.invokeMethod(ReflectionUtils.java:766)
	at org.junit.jupiter.engine.execution.MethodInvocation.proceed(MethodInvocation.java:60)
	at org.junit.jupiter.engine.execution.InvocationInterceptorChain$ValidatingInvocation.proceed(InvocationInterceptorChain.java:131)
	at org.junit.jupiter.engine.extension.TimeoutExtension.intercept(TimeoutExtension.java:156)
	at org.junit.jupiter.engine.extension.TimeoutExtension.interceptTestableMethod(TimeoutExtension.java:147)
	at org.junit.jupiter.engine.extension.TimeoutExtension.interceptTestMethod(TimeoutExtension.java:86)
	at org.junit.jupiter.engine.execution.InterceptingExecutableInvoker$ReflectiveInterceptorCall.lambda$ofVoidMethod$0(InterceptingExecutableInvoker.java:103)
	at org.junit.jupiter.engine.execution.InterceptingExecutableInvoker.lambda$invoke$0(InterceptingExecutableInvoker.java:93)
	at org.junit.jupiter.engine.execution.InvocationInterceptorChain$InterceptedInvocation.proceed(InvocationInterceptorChain.java:106)
	at org.junit.jupiter.engine.execution.InvocationInterceptorChain.proceed(InvocationInterceptorChain.java:64)
	at org.junit.jupiter.engine.execution.InvocationInterceptorChain.chainAndInvoke(InvocationInterceptorChain.java:45)
	at org.junit.jupiter.engine.execution.InvocationInterceptorChain.invoke(InvocationInterceptorChain.java:37)
	at org.junit.jupiter.engine.execution.InterceptingExecutableInvoker.invoke(InterceptingExecutableInvoker.java:92)
	at org.junit.jupiter.engine.execution.InterceptingExecutableInvoker.invoke(InterceptingExecutableInvoker.java:86)
	at org.junit.jupiter.engine.descriptor.TestMethodTestDescriptor.lambda$invokeTestMethod$8(TestMethodTestDescriptor.java:217)
	at org.junit.platform.engine.support.hierarchical.ThrowableCollector.execute(ThrowableCollector.java:73)
	at org.junit.jupiter.engine.descriptor.TestMethodTestDescriptor.invokeTestMethod(TestMethodTestDescriptor.java:213)
	at org.junit.jupiter.engine.descriptor.TestMethodTestDescriptor.execute(TestMethodTestDescriptor.java:138)
	at org.junit.jupiter.engine.descriptor.TestMethodTestDescriptor.execute(TestMethodTestDescriptor.java:68)
	at org.junit.platform.engine.support.hierarchical.NodeTestTask.lambda$executeRecursively$6(NodeTestTask.java:151)
	at org.junit.platform.engine.support.hierarchical.ThrowableCollector.execute(ThrowableCollector.java:73)
	at org.junit.platform.engine.support.hierarchical.NodeTestTask.lambda$executeRecursively$8(NodeTestTask.java:141)
	at org.junit.platform.engine.support.hierarchical.Node.around(Node.java:137)
	at org.junit.platform.engine.support.hierarchical.NodeTestTask.lambda$executeRecursively$9(NodeTestTask.java:139)
	at org.junit.platform.engine.support.hierarchical.ThrowableCollector.execute(ThrowableCollector.java:73)
	at org.junit.platform.engine.support.hierarchical.NodeTestTask.executeRecursively(NodeTestTask.java:138)
	at org.junit.platform.engine.support.hierarchical.NodeTestTask.execute(NodeTestTask.java:95)
	at java.base/java.util.ArrayList.forEach(ArrayList.java:1596)
	at org.junit.platform.engine.support.hierarchical.SameThreadHierarchicalTestExecutorService.invokeAll(SameThreadHierarchicalTestExecutorService.java:41)
	at org.junit.platform.engine.support.hierarchical.NodeTestTask.lambda$executeRecursively$6(NodeTestTask.java:155)
	at org.junit.platform.engine.support.hierarchical.ThrowableCollector.execute(ThrowableCollector.java:73)
	at org.junit.platform.engine.support.hierarchical.NodeTestTask.lambda$executeRecursively$8(NodeTestTask.java:141)
	at org.junit.platform.engine.support.hierarchical.Node.around(Node.java:137)
	at org.junit.platform.engine.support.hierarchical.NodeTestTask.lambda$executeRecursively$9(NodeTestTask.java:139)
	at org.junit.platform.engine.support.hierarchical.ThrowableCollector.execute(ThrowableCollector.java:73)
	at org.junit.platform.engine.support.hierarchical.NodeTestTask.executeRecursively(NodeTestTask.java:138)
	at org.junit.platform.engine.support.hierarchical.NodeTestTask.execute(NodeTestTask.java:95)
	at java.base/java.util.ArrayList.forEach(ArrayList.java:1596)
	at org.junit.platform.engine.support.hierarchical.SameThreadHierarchicalTestExecutorService.invokeAll(SameThreadHierarchicalTestExecutorService.java:41)
	at org.junit.platform.engine.support.hierarchical.NodeTestTask.lambda$executeRecursively$6(NodeTestTask.java:155)
	at org.junit.platform.engine.support.hierarchical.ThrowableCollector.execute(ThrowableCollector.java:73)
	at org.junit.platform.engine.support.hierarchical.NodeTestTask.lambda$executeRecursively$8(NodeTestTask.java:141)
	at org.junit.platform.engine.support.hierarchical.Node.around(Node.java:137)
	at org.junit.platform.engine.support.hierarchical.NodeTestTask.lambda$executeRecursively$9(NodeTestTask.java:139)
	at org.junit.platform.engine.support.hierarchical.ThrowableCollector.execute(ThrowableCollector.java:73)
	at org.junit.platform.engine.support.hierarchical.NodeTestTask.executeRecursively(NodeTestTask.java:138)
	at org.junit.platform.engine.support.hierarchical.NodeTestTask.execute(NodeTestTask.java:95)
	at org.junit.platform.engine.support.hierarchical.SameThreadHierarchicalTestExecutorService.submit(SameThreadHierarchicalTestExecutorService.java:35)
	at org.junit.platform.engine.support.hierarchical.HierarchicalTestExecutor.execute(HierarchicalTestExecutor.java:57)
	at org.junit.platform.engine.support.hierarchical.HierarchicalTestEngine.execute(HierarchicalTestEngine.java:54)
	at org.junit.platform.launcher.core.EngineExecutionOrchestrator.execute(EngineExecutionOrchestrator.java:198)
	at org.junit.platform.launcher.core.EngineExecutionOrchestrator.execute(EngineExecutionOrchestrator.java:169)
	at org.junit.platform.launcher.core.EngineExecutionOrchestrator.execute(EngineExecutionOrchestrator.java:93)
	at org.junit.platform.launcher.core.EngineExecutionOrchestrator.lambda$execute$0(EngineExecutionOrchestrator.java:58)
	at org.junit.platform.launcher.core.EngineExecutionOrchestrator.withInterceptedStreams(EngineExecutionOrchestrator.java:141)
	at org.junit.platform.launcher.core.EngineExecutionOrchestrator.execute(EngineExecutionOrchestrator.java:57)
	at org.junit.platform.launcher.core.DefaultLauncher.execute(DefaultLauncher.java:103)
	at org.junit.platform.launcher.core.DefaultLauncher.execute(DefaultLauncher.java:85)
	at org.junit.platform.launcher.core.DelegatingLauncher.execute(DelegatingLauncher.java:47)
	at org.apache.maven.surefire.junitplatform.LazyLauncher.execute(LazyLauncher.java:56)
	at org.apache.maven.surefire.junitplatform.JUnitPlatformProvider.execute(JUnitPlatformProvider.java:184)
	at org.apache.maven.surefire.junitplatform.JUnitPlatformProvider.invokeAllTests(JUnitPlatformProvider.java:148)
	at org.apache.maven.surefire.junitplatform.JUnitPlatformProvider.invoke(JUnitPlatformProvider.java:122)
	at org.apache.maven.surefire.booter.ForkedBooter.runSuitesInProcess(ForkedBooter.java:385)
	at org.apache.maven.surefire.booter.ForkedBooter.execute(ForkedBooter.java:162)
	at org.apache.maven.surefire.booter.ForkedBooter.run(ForkedBooter.java:507)
	at org.apache.maven.surefire.booter.ForkedBooter.main(ForkedBooter.java:495)
]]></system-out>
  </testcase>
  <testcase name="testDeleteConFalloTransaccion" classname="co.com.formula1app.dao.CarreraDAOTest" time="0.006"/>
  <testcase name="testFindByNombreGpConEntradaNula" classname="co.com.formula1app.dao.CarreraDAOTest" time="0.001"/>
</testsuite>