<?xml version="1.0" encoding="UTF-8"?>
<testsuite xmlns:xsi="http://www.w3.org/2001/XMLSchema-instance" xsi:noNamespaceSchemaLocation="https://maven.apache.org/surefire/maven-surefire-plugin/xsd/surefire-test-report-3.0.xsd" version="3.0" name="co.com.formula1app.constantsTest.F1PointsSystemTest" time="0.017" tests="4" errors="0" skipped="0" failures="0">
  <properties>
[...]
</properties>
  <testcase name="testFastestLapNoPointsIfOutsideTop10" classname="co.com.formula1app.constantsTest.F1PointsSystemTest" time="0.008"/>
  <testcase name="testCalculatePointsForInvalidPosition" classname="co.com.formula1app.constantsTest.F1PointsSystemTest" time="0.001"/>
  <testcase name="testCalculatePointsForValidPositions" classname="co.com.formula1app.constantsTest.F1PointsSystemTest" time="0.002"/>
  <testcase name="testCalculatePointsWithFastestLap" classname="co.com.formula1app.constantsTest.F1PointsSystemTest" time="0.001"/>
</testsuite>